<?xml version="1.0" encoding="UTF-8"?>
<testsuite xmlns:xsi="http://www.w3.org/2001/XMLSchema-instance" xsi:noNamespaceSchemaLocation="https://maven.apache.org/surefire/maven-surefire-plugin/xsd/surefire-test-report-3.0.xsd" version="3.0" name="com.test.aws.automate.runner.TestRunner" time="6.08" tests="2" errors="1" skipped="0" failures="0">
  <properties>
[...]
</properties>
  <testcase name="Validate google search is working" classname="feature to test google search functionality" time="2.033">
    <error message="The step &apos;user is on google search page&apos; and 3 other step(s) are undefined.&#10;You can implement these steps using the snippet(s) below:&#10;&#10;@Given(&quot;user is on google search page&quot;)&#10;public void user_is_on_google_search_page() {&#10;    // Write code here that turns the phrase above into concrete actions&#10;    throw new io.cucumber.java.PendingException();&#10;}&#10;@When(&quot;user enters a text in search box&quot;)&#10;public void user_enters_a_text_in_search_box() {&#10;    // Write code here that turns the phrase above into concrete actions&#10;    throw new io.cucumber.java.PendingException();&#10;}&#10;@When(&quot;hits enter&quot;)&#10;public void hits_enter() {&#10;    // Write code here that turns the phrase above into concrete actions&#10;    throw new io.cucumber.java.PendingException();&#10;}&#10;@Then(&quot;user is navigated to search results&quot;)&#10;public void user_is_navigated_to_search_results() {&#10;    // Write code here that turns the phrase above into concrete actions&#10;    throw new io.cucumber.java.PendingException();&#10;}&#10;" type="io.cucumber.junit.UndefinedStepException"><![CDATA[io.cucumber.junit.UndefinedStepException: 
The step 'user is on google search page' and 3 other step(s) are undefined.
You can implement these steps using the snippet(s) below:

@Given("user is on google search page")
public void user_is_on_google_search_page() {
    // Write code here that turns the phrase above into concrete actions
    throw new io.cucumber.java.PendingException();
}
@When("user enters a text in search box")
public void user_enters_a_text_in_search_box() {
    // Write code here that turns the phrase above into concrete actions
    throw new io.cucumber.java.PendingException();
}
@When("hits enter")
public void hits_enter() {
    // Write code here that turns the phrase above into concrete actions
    throw new io.cucumber.java.PendingException();
}
@Then("user is navigated to search results")
public void user_is_navigated_to_search_results() {
    // Write code here that turns the phrase above into concrete actions
    throw new io.cucumber.java.PendingException();
}

]]></error>
    <system-out><![CDATA[
Scenario: Validate google search is working # src/test/resources/features/GoogleSearch.feature:3
D:\Driver\chromedriver-win64\chromedriver.exe
Inside Steps - browser is open
Project path is: C:\Users\VICTUS\Documents\GitHub\CucumberJavaProject
  Given browser is open                     # com.test.aws.automate.stepdefinitions.LoginDemostepsDef.browserIsOpen()
  And user is on google search page
  When user enters a text in search box
  And hits enter
  Then user is navigated to search results
]]></system-out>
    <system-err><![CDATA[SLF4J: No SLF4J providers were found.
SLF4J: Defaulting to no-operation (NOP) logger implementation
SLF4J: See https://www.slf4j.org/codes.html#noProviders for further details.
Oct 20, 2024 12:26:18 PM org.openqa.selenium.devtools.CdpVersionFinder findNearestMatch
WARNING: Unable to find CDP implementation matching 130
Oct 20, 2024 12:26:18 PM org.openqa.selenium.chromium.ChromiumDriver lambda$new$5
WARNING: Unable to find version of CDP to use for 130.0.6723.59. You may need to include a dependency on a specific version of the CDP using something similar to `org.seleniumhq.selenium:selenium-devtools-v86:4.11.0` where the version ("v86") matches the version of the chromium-based browser you're using and the version number of the artifact is the same as Selenium's.
]]></system-err>
  </testcase>
  <testcase name="Check login  is successful with valid credentials" classname="Test login functionality" time="3.36">
    <system-out><![CDATA[
Scenario Outline: Check login  is successful with valid credentials # src/test/resources/features/LoginDemo1.feature:11
D:\Driver\chromedriver-win64\chromedriver.exe
Inside Steps - browser is open
Project path is: C:\Users\VICTUS\Documents\GitHub\CucumberJavaProject
  Given browser is open                                             # com.test.aws.automate.stepdefinitions.LoginDemostepsDef.browserIsOpen()
Inside Steps - user is on login page
  And user is on login page                                         # com.test.aws.automate.stepdefinitions.LoginDemostepsDef.user_is_on_login_page()
Inside Steps - user enters username and password
  When user enters MY1313_2_ADMIN and 12345678                      # com.test.aws.automate.stepdefinitions.LoginDemostepsDef.userEntersUsernameAndPassword(java.lang.String,java.lang.String)
Inside Steps - user click on login
  And user clicks on login                                          # com.test.aws.automate.stepdefinitions.LoginDemostepsDef.userClicksOnLogin()
Inside Steps - user is navigated to the home page
  Then user is navigated to the home page                           # com.test.aws.automate.stepdefinitions.LoginDemostepsDef.user_is_navigated_to_the_home_page()
]]></system-out>
    <system-err><![CDATA[Oct 20, 2024 12:26:19 PM org.openqa.selenium.devtools.CdpVersionFinder findNearestMatch
WARNING: Unable to find CDP implementation matching 130
Oct 20, 2024 12:26:19 PM org.openqa.selenium.chromium.ChromiumDriver lambda$new$5
WARNING: Unable to find version of CDP to use for 130.0.6723.59. You may need to include a dependency on a specific version of the CDP using something similar to `org.seleniumhq.selenium:selenium-devtools-v86:4.11.0` where the version ("v86") matches the version of the chromium-based browser you're using and the version number of the artifact is the same as Selenium's.
Oct 20, 2024 12:26:21 PM org.openqa.selenium.remote.http.WebSocket$Listener onError
WARNING: Connection reset
java.net.SocketException: Connection reset
	at java.base/sun.nio.ch.SocketChannelImpl.throwConnectionReset(SocketChannelImpl.java:394)
	at java.base/sun.nio.ch.SocketChannelImpl.read(SocketChannelImpl.java:426)
	at io.netty.buffer.PooledByteBuf.setBytes(PooledByteBuf.java:256)
	at io.netty.buffer.AbstractByteBuf.writeBytes(AbstractByteBuf.java:1132)
	at io.netty.channel.socket.nio.NioSocketChannel.doReadBytes(NioSocketChannel.java:357)
	at io.netty.channel.nio.AbstractNioByteChannel$NioByteUnsafe.read(AbstractNioByteChannel.java:151)
	at io.netty.channel.nio.NioEventLoop.processSelectedKey(NioEventLoop.java:788)
	at io.netty.channel.nio.NioEventLoop.processSelectedKeysOptimized(NioEventLoop.java:724)
	at io.netty.channel.nio.NioEventLoop.processSelectedKeys(NioEventLoop.java:650)
	at io.netty.channel.nio.NioEventLoop.run(NioEventLoop.java:562)
	at io.netty.util.concurrent.SingleThreadEventExecutor$4.run(SingleThreadEventExecutor.java:997)
	at io.netty.util.internal.ThreadExecutorMap$2.run(ThreadExecutorMap.java:74)
	at io.netty.util.concurrent.FastThreadLocalRunnable.run(FastThreadLocalRunnable.java:30)
	at java.base/java.lang.Thread.run(Thread.java:842)

]]></system-err>
  </testcase>
</testsuite>